<?xml version="1.0" encoding="UTF-8"?>
<testng-results ignored="0" total="1" passed="1" failed="0" skipped="0">
  <reporter-output>
  </reporter-output>
  <suite started-at="2023-11-03T20:08:42 IST" name="Default suite" finished-at="2023-11-03T20:09:17 IST" duration-ms="34920">
    <groups>
    </groups>
    <test started-at="2023-11-03T20:08:42 IST" name="Default test" finished-at="2023-11-03T20:09:17 IST" duration-ms="34920">
      <class name="testclass.bastest">
        <test-method signature="demoFramework()[pri:0, instance:testclass.bastest@44821a96]" started-at="2023-11-03T20:08:42 IST" name="demoFramework" finished-at="2023-11-03T20:09:17 IST" duration-ms="34893" status="PASS">
          <reporter-output>
          </reporter-output>
        </test-method> <!-- demoFramework -->
      </class> <!-- testclass.bastest -->
    </test> <!-- Default test -->
  </suite> <!-- Default suite -->
</testng-results>
